nohup: ignoring input



   INFO  Seeding database.  

  Database\Seeders\SpecializationSeeder .............................. RUNNING  
  Database\Seeders\SpecializationSeeder .......................... 541 ms DONE  

  Database\Seeders\ModalitySeeder .................................... RUNNING  
  Database\Seeders\ModalitySeeder ................................. 89 ms DONE  

  Database\Seeders\PavilionSeeder .................................... RUNNING  
  Database\Seeders\PavilionSeeder ................................. 10 ms DONE  

  Database\Seeders\CategorySeeder .................................... RUNNING  
  Database\Seeders\CategorySeeder .................................. 4 ms DONE  

  Database\Seeders\OrganismeSeeder ................................... RUNNING  
  Database\Seeders\OrganismeSeeder ............................... 195 ms DONE  

  Database\Seeders\ConventionSeeder .................................. RUNNING  
  Database\Seeders\ConventionSeeder .............................. 477 ms DONE  

  Database\Seeders\DoctorSeeder ...................................... RUNNING  
  Database\Seeders\DoctorSeeder ............................... 12,367 ms DONE  

  Database\Seeders\PatientSeeder ..................................... RUNNING  
  Database\Seeders\PatientSeeder ................................. 309 ms DONE  

  Database\Seeders\ScheduleSeeder .................................... RUNNING  
  Database\Seeders\ScheduleSeeder .............................. 4,384 ms DONE  

  Database\Seeders\ProductSeeder ..................................... RUNNING  
Progress: 5% (250/5000 products seeded)
Progress: 10% (500/5000 products seeded)
Progress: 15% (750/5000 products seeded)
Progress: 20% (1000/5000 products seeded)
Progress: 25% (1250/5000 products seeded)
Progress: 30% (1500/5000 products seeded)
Progress: 35% (1750/5000 products seeded)
Progress: 40% (2000/5000 products seeded)
Progress: 45% (2250/5000 products seeded)
Progress: 50% (2500/5000 products seeded)
Progress: 55% (2750/5000 products seeded)
Progress: 60% (3000/5000 products seeded)
Progress: 65% (3250/5000 products seeded)
Progress: 70% (3500/5000 products seeded)
Progress: 75% (3750/5000 products seeded)
Progress: 80% (4000/5000 products seeded)
Progress: 85% (4250/5000 products seeded)
Progress: 90% (4500/5000 products seeded)
Progress: 95% (4750/5000 products seeded)
Progress: 100% (5000/5000 products seeded)
✓ Successfully seeded 5000 products!
  Database\Seeders\ProductSeeder ............................... 1,322 ms DONE  

  Database\Seeders\PrestationSeeder .................................. RUNNING  
  Database\Seeders\PrestationSeeder ............................... 24 ms DONE  

  Database\Seeders\FournisseurSeeder ................................. RUNNING  
  Database\Seeders\FournisseurSeeder ............................. 192 ms DONE  

  Database\Seeders\FournisseurContactSeeder .......................... RUNNING  
  Database\Seeders\FournisseurContactSeeder .................... 2,640 ms DONE  

  Database\Seeders\MedicationSeeder .................................. RUNNING  
  Database\Seeders\MedicationSeeder .............................. 407 ms DONE  

  Database\Seeders\StockageSeeder .................................... RUNNING  
Progress: 50% (50/100 stockages seeded)
Progress: 100% (100/100 stockages seeded)
✓ Successfully seeded 100 stockages!
  Database\Seeders\StockageSeeder ................................. 31 ms DONE  

  Database\Seeders\InventorySeeder ................................... RUNNING  
Starting comprehensive inventory seeding...
Total Products: 20000
Total Stockages: 300
Target: ~30-50 items per stockage for realistic coverage

Progress: 1% (100 inventory records seeded)
Progress: 2% (200 inventory records seeded)
Progress: 3% (300 inventory records seeded)
Progress: 3% (400 inventory records seeded)
Progress: 4% (500 inventory records seeded)
Progress: 5% (600 inventory records seeded)
Progress: 6% (700 inventory records seeded)
Progress: 7% (800 inventory records seeded)
Progress: 8% (900 inventory records seeded)
Progress: 8% (1000 inventory records seeded)
Progress: 9% (1100 inventory records seeded)
Progress: 10% (1200 inventory records seeded)
Progress: 11% (1300 inventory records seeded)
Progress: 12% (1400 inventory records seeded)
Progress: 13% (1500 inventory records seeded)
Progress: 13% (1600 inventory records seeded)
Progress: 14% (1700 inventory records seeded)
Progress: 15% (1800 inventory records seeded)
Progress: 16% (1900 inventory records seeded)
Progress: 17% (2000 inventory records seeded)
Progress: 18% (2100 inventory records seeded)
Progress: 18% (2200 inventory records seeded)
Progress: 19% (2300 inventory records seeded)
Progress: 20% (2400 inventory records seeded)
Progress: 21% (2500 inventory records seeded)
Progress: 22% (2600 inventory records seeded)
Progress: 23% (2700 inventory records seeded)
Progress: 23% (2800 inventory records seeded)
Progress: 24% (2900 inventory records seeded)
Progress: 25% (3000 inventory records seeded)
Progress: 26% (3100 inventory records seeded)
Progress: 27% (3200 inventory records seeded)
Progress: 28% (3300 inventory records seeded)
Progress: 28% (3400 inventory records seeded)
Progress: 29% (3500 inventory records seeded)
Progress: 30% (3600 inventory records seeded)
Progress: 31% (3700 inventory records seeded)
Progress: 32% (3800 inventory records seeded)
Progress: 33% (3900 inventory records seeded)
Progress: 33% (4000 inventory records seeded)
Progress: 34% (4100 inventory records seeded)
Progress: 35% (4200 inventory records seeded)
Progress: 36% (4300 inventory records seeded)
Progress: 37% (4400 inventory records seeded)
Progress: 38% (4500 inventory records seeded)
Progress: 38% (4600 inventory records seeded)
Progress: 39% (4700 inventory records seeded)
Progress: 40% (4800 inventory records seeded)
Progress: 41% (4900 inventory records seeded)
Progress: 42% (5000 inventory records seeded)
Progress: 43% (5100 inventory records seeded)
Progress: 43% (5200 inventory records seeded)
Progress: 44% (5300 inventory records seeded)
Progress: 45% (5400 inventory records seeded)
Progress: 46% (5500 inventory records seeded)
Progress: 47% (5600 inventory records seeded)
Progress: 48% (5700 inventory records seeded)
Progress: 48% (5800 inventory records seeded)
Progress: 49% (5900 inventory records seeded)
Progress: 50% (6000 inventory records seeded)
Progress: 51% (6100 inventory records seeded)
Progress: 52% (6200 inventory records seeded)
Progress: 53% (6300 inventory records seeded)
Progress: 53% (6400 inventory records seeded)
Progress: 54% (6500 inventory records seeded)
Progress: 55% (6600 inventory records seeded)
Progress: 56% (6700 inventory records seeded)
Progress: 57% (6800 inventory records seeded)
Progress: 57% (6900 inventory records seeded)
Progress: 58% (7000 inventory records seeded)
Progress: 59% (7100 inventory records seeded)
Progress: 60% (7200 inventory records seeded)
Progress: 61% (7300 inventory records seeded)
Progress: 62% (7400 inventory records seeded)
Progress: 63% (7500 inventory records seeded)
Progress: 63% (7600 inventory records seeded)
Progress: 64% (7700 inventory records seeded)
Progress: 65% (7800 inventory records seeded)
Progress: 66% (7900 inventory records seeded)
Progress: 67% (8000 inventory records seeded)
Progress: 68% (8100 inventory records seeded)
Progress: 68% (8200 inventory records seeded)
Progress: 69% (8300 inventory records seeded)
Progress: 70% (8400 inventory records seeded)
Progress: 71% (8500 inventory records seeded)
Progress: 72% (8600 inventory records seeded)
Progress: 73% (8700 inventory records seeded)
Progress: 73% (8800 inventory records seeded)
Progress: 74% (8900 inventory records seeded)
Progress: 75% (9000 inventory records seeded)
Progress: 76% (9100 inventory records seeded)
Progress: 77% (9200 inventory records seeded)
Progress: 78% (9300 inventory records seeded)
Progress: 78% (9400 inventory records seeded)
Progress: 79% (9500 inventory records seeded)
Progress: 80% (9600 inventory records seeded)
Progress: 81% (9700 inventory records seeded)
Progress: 82% (9800 inventory records seeded)
Progress: 83% (9900 inventory records seeded)
Progress: 83% (10000 inventory records seeded)
Progress: 84% (10100 inventory records seeded)
Progress: 85% (10200 inventory records seeded)
Progress: 86% (10300 inventory records seeded)
Progress: 87% (10400 inventory records seeded)
Progress: 88% (10500 inventory records seeded)
Progress: 88% (10600 inventory records seeded)
Progress: 89% (10700 inventory records seeded)
Progress: 90% (10800 inventory records seeded)
Progress: 91% (10900 inventory records seeded)
Progress: 92% (11000 inventory records seeded)
Progress: 93% (11100 inventory records seeded)
Progress: 93% (11200 inventory records seeded)
Progress: 94% (11300 inventory records seeded)
Progress: 95% (11400 inventory records seeded)
Progress: 96% (11500 inventory records seeded)
Progress: 97% (11600 inventory records seeded)
Progress: 98% (11700 inventory records seeded)
Progress: 98% (11800 inventory records seeded)
Progress: 99% (11900 inventory records seeded)
Progress: 100% (11954 inventory records seeded)

✓ Successfully completed comprehensive inventory seeding!
════════════════════════════════════════════════════════
Total Inventory Records: 23961
Stockages with Inventory: 300 / 300
Products in Inventory: 13546 / 20000
════════════════════════════════════════════════════════
  Database\Seeders\InventorySeeder ............................. 4,400 ms DONE  

  Database\Seeders\PharmacyProductSeeder ............................. RUNNING  
Progress: 5% (250/5000 products seeded)
Progress: 10% (500/5000 products seeded)
Progress: 15% (750/5000 products seeded)
Progress: 20% (1000/5000 products seeded)
Progress: 25% (1250/5000 products seeded)
Progress: 30% (1500/5000 products seeded)
Progress: 35% (1750/5000 products seeded)
Progress: 40% (2000/5000 products seeded)
Progress: 45% (2250/5000 products seeded)
Progress: 50% (2500/5000 products seeded)
Progress: 55% (2750/5000 products seeded)
Progress: 60% (3000/5000 products seeded)
Progress: 65% (3250/5000 products seeded)
Progress: 70% (3500/5000 products seeded)
Progress: 75% (3750/5000 products seeded)
Progress: 80% (4000/5000 products seeded)
Progress: 85% (4250/5000 products seeded)
Progress: 90% (4500/5000 products seeded)
Progress: 95% (4750/5000 products seeded)
Progress: 100% (5000/5000 products seeded)
✓ Successfully seeded 5000 pharmacy products!
  Database\Seeders\PharmacyProductSeeder ....................... 4,871 ms DONE  

  Database\Seeders\PharmacyStorageSeeder ............................. RUNNING  
✓ Successfully seeded 19 pharmacy storage units!
  Database\Seeders\PharmacyStorageSeeder .......................... 17 ms DONE  

  Database\Seeders\PharmacyStockageSeeder ............................ RUNNING  
✓ Successfully seeded 227 pharmacy stockage units!
  Database\Seeders\PharmacyStockageSeeder ........................ 107 ms DONE  

  Database\Seeders\PharmacyInventorySeeder ........................... RUNNING  
Starting to seed pharmacy inventories...
Products available: 15000
Stockages available: 455
Inserted 100 inventory entries...
Inserted 200 inventory entries...
Inserted 300 inventory entries...
Inserted 400 inventory entries...
Inserted 500 inventory entries...
Inserted 600 inventory entries...
Inserted 700 inventory entries...
Inserted 800 inventory entries...
Inserted 900 inventory entries...
Inserted 1000 inventory entries...
Inserted 1100 inventory entries...
Inserted 1200 inventory entries...
Inserted 1300 inventory entries...
Inserted 1400 inventory entries...
Inserted 1500 inventory entries...
Inserted 1600 inventory entries...
Inserted 1700 inventory entries...
Inserted 1800 inventory entries...
Inserted 1900 inventory entries...
Inserted 2000 inventory entries...
Inserted 2100 inventory entries...
Inserted 2200 inventory entries...
Inserted 2300 inventory entries...
Inserted 2400 inventory entries...
Inserted 2500 inventory entries...
Inserted 2600 inventory entries...
Inserted 2700 inventory entries...
Inserted 2800 inventory entries...
Inserted 2900 inventory entries...
Inserted 3000 inventory entries...
Inserted 3100 inventory entries...
Inserted 3200 inventory entries...
Inserted 3300 inventory entries...
Inserted 3400 inventory entries...
Inserted 3500 inventory entries...
Inserted 3600 inventory entries...
Inserted 3700 inventory entries...
Inserted 3800 inventory entries...
Inserted 3900 inventory entries...
Inserted 4000 inventory entries...
Inserted 4100 inventory entries...
Inserted 4200 inventory entries...
Inserted 4300 inventory entries...
Inserted 4400 inventory entries...
Inserted 4500 inventory entries...
Inserted 4600 inventory entries...
Inserted 4700 inventory entries...
Inserted 4800 inventory entries...
Inserted 4900 inventory entries...
Inserted 5000 inventory entries...
Inserted 5100 inventory entries...
Inserted 5200 inventory entries...
Inserted 5300 inventory entries...
Inserted 5400 inventory entries...
Inserted 5500 inventory entries...
Inserted 5600 inventory entries...
Inserted 5700 inventory entries...
Inserted 5800 inventory entries...
Inserted 5900 inventory entries...
Inserted 6000 inventory entries...
Inserted 6100 inventory entries...
Inserted 6200 inventory entries...
Inserted 6300 inventory entries...
Inserted 6400 inventory entries...
Inserted 6500 inventory entries...
Inserted 6600 inventory entries...
Inserted 6700 inventory entries...
Inserted 6800 inventory entries...
Inserted 6900 inventory entries...
Inserted 7000 inventory entries...
Inserted 7100 inventory entries...
Inserted 7200 inventory entries...
Inserted 7300 inventory entries...
Inserted 7400 inventory entries...
Inserted 7500 inventory entries...
Inserted 7600 inventory entries...
Inserted 7700 inventory entries...
Inserted 7800 inventory entries...
Inserted 7900 inventory entries...
Inserted 8000 inventory entries...
Inserted 8100 inventory entries...
Inserted 8200 inventory entries...
Inserted 8300 inventory entries...
Inserted 8400 inventory entries...
Inserted 8500 inventory entries...
Inserted 8600 inventory entries...
Inserted 8700 inventory entries...
Inserted 8800 inventory entries...
Inserted 8900 inventory entries...
Inserted 9000 inventory entries...
Inserted 9100 inventory entries...
Inserted 9200 inventory entries...
Inserted 9300 inventory entries...
Inserted 9400 inventory entries...
Inserted 9500 inventory entries...
Inserted 9600 inventory entries...
Inserted 9700 inventory entries...
Inserted 9800 inventory entries...
Inserted 9900 inventory entries...
Inserted 10000 inventory entries...
Inserted 10100 inventory entries...
Inserted 10200 inventory entries...
Inserted 10300 inventory entries...
Inserted 10400 inventory entries...
Inserted 10500 inventory entries...
Inserted 10600 inventory entries...
Inserted 10700 inventory entries...
Inserted 10800 inventory entries...
Inserted 10900 inventory entries...
Inserted 11000 inventory entries...
Inserted 11100 inventory entries...
Inserted 11200 inventory entries...
Inserted 11300 inventory entries...
Inserted 11400 inventory entries...
Inserted 11500 inventory entries...
Inserted 11600 inventory entries...
Inserted 11700 inventory entries...
Inserted 11800 inventory entries...
Inserted 11900 inventory entries...
Inserted 12000 inventory entries...
Inserted 12100 inventory entries...
Inserted 12200 inventory entries...
Inserted 12300 inventory entries...
Inserted 12400 inventory entries...
Inserted 12500 inventory entries...
Inserted 12600 inventory entries...
Inserted 12700 inventory entries...
Inserted 12800 inventory entries...
Inserted 12900 inventory entries...
Inserted 13000 inventory entries...
Inserted 13100 inventory entries...
Inserted 13200 inventory entries...
Inserted 13300 inventory entries...
Inserted 13400 inventory entries...
Inserted 13500 inventory entries...
Inserted 13600 inventory entries...
Inserted 13700 inventory entries...
Inserted 13800 inventory entries...
Inserted 13900 inventory entries...
Inserted 14000 inventory entries...
Inserted 14100 inventory entries...
Inserted 14200 inventory entries...
Inserted 14300 inventory entries...
Inserted 14400 inventory entries...
Inserted 14500 inventory entries...
Inserted 14600 inventory entries...
Inserted 14700 inventory entries...
Inserted 14800 inventory entries...
Inserted 14900 inventory entries...
Inserted 15000 inventory entries...
Inserted 15100 inventory entries...
Inserted 15200 inventory entries...
Inserted 15300 inventory entries...
Inserted 15400 inventory entries...
Inserted 15500 inventory entries...
Inserted 15600 inventory entries...
Inserted 15700 inventory entries...
Inserted 15800 inventory entries...
Inserted 15900 inventory entries...
Inserted 16000 inventory entries...
Inserted 16100 inventory entries...
Inserted 16200 inventory entries...
Inserted 16300 inventory entries...
Inserted 16400 inventory entries...
Inserted 16500 inventory entries...
Inserted 16600 inventory entries...
Inserted 16700 inventory entries...
Inserted 16800 inventory entries...
Inserted 16900 inventory entries...
Inserted 17000 inventory entries...
Inserted 17100 inventory entries...
Inserted 17200 inventory entries...
Inserted 17300 inventory entries...
Inserted 17400 inventory entries...
Inserted 17500 inventory entries...
Inserted 17600 inventory entries...
Inserted 17700 inventory entries...
Inserted 17800 inventory entries...
Inserted 17900 inventory entries...
Inserted 18000 inventory entries...
Inserted 18100 inventory entries...
Inserted 18200 inventory entries...
Inserted 18300 inventory entries...
Inserted 18400 inventory entries...
Inserted 18500 inventory entries...
Inserted 18600 inventory entries...
Inserted 18700 inventory entries...
Inserted 18800 inventory entries...
Inserted 18900 inventory entries...
Inserted 19000 inventory entries...
Inserted 19100 inventory entries...
Inserted 19200 inventory entries...
Inserted 19300 inventory entries...
Inserted 19400 inventory entries...
Inserted 19500 inventory entries...
Inserted 19600 inventory entries...
Inserted 19700 inventory entries...
Inserted 19800 inventory entries...
Inserted 19900 inventory entries...
Inserted 20000 inventory entries...
Inserted 20100 inventory entries...
Inserted 20200 inventory entries...
Inserted 20300 inventory entries...
Inserted 20400 inventory entries...
Inserted 20500 inventory entries...
Inserted 20600 inventory entries...
Inserted 20700 inventory entries...
Inserted 20800 inventory entries...
Inserted 20900 inventory entries...
Inserted 21000 inventory entries...
Inserted 21100 inventory entries...
Inserted 21200 inventory entries...
Inserted 21300 inventory entries...
Inserted 21400 inventory entries...
Inserted 21500 inventory entries...
Inserted 21600 inventory entries...
Inserted 21700 inventory entries...
Inserted 21800 inventory entries...
Inserted 21900 inventory entries...
Inserted 22000 inventory entries...
Inserted 22100 inventory entries...
Inserted 22200 inventory entries...
Inserted 22300 inventory entries...
Inserted 22400 inventory entries...
Inserted 22500 inventory entries...
Inserted 22600 inventory entries...
Inserted 22700 inventory entries...
Inserted 22800 inventory entries...
Inserted 22900 inventory entries...
Inserted 23000 inventory entries...
Inserted 23100 inventory entries...
Inserted 23200 inventory entries...
Inserted 23300 inventory entries...
Inserted 23400 inventory entries...
Inserted 23500 inventory entries...
Inserted 23600 inventory entries...
Inserted 23700 inventory entries...
Inserted 23800 inventory entries...
Inserted 23900 inventory entries...
Inserted 24000 inventory entries...
Inserted 24100 inventory entries...
Inserted 24200 inventory entries...
Inserted 24300 inventory entries...
Inserted 24400 inventory entries...
Inserted 24500 inventory entries...
Inserted 24600 inventory entries...
Inserted 24700 inventory entries...
Inserted 24800 inventory entries...
Inserted 24900 inventory entries...
✓ Successfully seeded 24989 pharmacy inventory entries!
Inventory is now distributed across all stockages with realistic data.
  Database\Seeders\PharmacyInventorySeeder .................... 13,991 ms DONE  

  Database\Seeders\CaisseSeeder ...................................... RUNNING  
Skipped Database\Seeders\CaisseSeeder: SQLSTATE[23000]: Integrity constraint violation: 1062 Duplicate entry 'TILL - Pédiatrie #1' for key 'caisses.caisses_name_unique' (Connection: mysql, SQL: insert into `caisses` (`created_at`, `is_active`, `location`, `name`, `service_id`, `updated_at`) values (2025-08-30 11:24:33, 1, Pédiatrie - Main Hall, TILL - Pédiatrie #1, 1, 2025-11-12 11:24:33), (2025-08-30 11:24:33, 1, Pédiatrie - Ground Floor, CAISSE - Pédiatrie #2, 1, 2025-11-12 11:24:33), (2025-10-08 11:24:33, 1, Pédiatrie - First Floor, REGISTER - Pédiatrie #3, 1, 2025-11-12 11:24:33), (2025-08-16 11:24:33, 1, Pédiatrie - Emergency Wing, CAISSE - Pédiatrie #4, 1, 2025-11-12 11:24:33), (2025-10-08 11:24:33, 1, Kinésithérapie - Emergency Wing, CAISSE - Kinésithérapie #1, 2, 2025-11-12 11:24:33), (2025-08-21 11:24:33, 1, Kinésithérapie - Main Hall, TILL - Kinésithérapie #2, 2, 2025-11-12 11:24:33), (2025-08-17 11:24:33, 1, Kinésithérapie - Main Hall, REGISTER - Kinésithérapie #3, 2, 2025-11-12 11:24:33), (2025-08-26 11:24:33, 1, Kinésithérapie - Pharmacy Wing, REGISTER - Kinésithérapie #4, 2, 2025-11-12 11:24:33), (2025-11-10 11:24:33, 1, Kinésithérapie - Ground Floor, CAISSE - Kinésithérapie #5, 2, 2025-11-12 11:24:33), (2025-10-21 11:24:33, 1, Hospitalisation - Pharmacy Wing, TILL - Hospitalisation #1, 3, 2025-11-12 11:24:33), (2025-09-26 11:24:33, 1, Hospitalisation - Pharmacy Wing, CAISSE - Hospitalisation #2, 3, 2025-11-12 11:24:33), (2025-10-12 11:24:33, 1, Hospitalisation - Pharmacy Wing, TILL - Hospitalisation #3, 3, 2025-11-12 11:24:33), (2025-09-20 11:24:33, 1, Pharmacie - Second Floor, REGISTER - Pharmacie #1, 4, 2025-11-12 11:24:33), (2025-09-19 11:24:33, 1, Pharmacie - Emergency Wing, CAISSE - Pharmacie #2, 4, 2025-11-12 11:24:33), (2025-09-24 11:24:33, 1, Pharmacie - First Floor, TILL - Pharmacie #3, 4, 2025-11-12 11:24:33), (2025-10-11 11:24:33, 1, Neurologie - Ground Floor, REGISTER - Neurologie #1, 5, 2025-11-12 11:24:33), (2025-11-11 11:24:33, 1, Neurologie - First Floor, CAISSE - Neurologie #2, 5, 2025-11-12 11:24:33), (2025-09-12 11:24:33, 1, Neurologie - Pharmacy Wing, TILL - Neurologie #3, 5, 2025-11-12 11:24:33), (2025-10-09 11:24:33, 1, Laboratoire - Reception, TILL - Laboratoire #1, 6, 2025-11-12 11:24:33), (2025-10-30 11:24:33, 1, Laboratoire - First Floor, REGISTER - Laboratoire #2, 6, 2025-11-12 11:24:33), (2025-08-17 11:24:33, 1, Laboratoire - Second Floor, REGISTER - Laboratoire #3, 6, 2025-11-12 11:24:33), (2025-09-22 11:24:33, 1, Laboratoire - Reception, CAISSE - Laboratoire #4, 6, 2025-11-12 11:24:33), (2025-09-20 11:24:33, 1, Maternité - Ground Floor, REGISTER - Maternité #1, 7, 2025-11-12 11:24:33), (2025-10-02 11:24:33, 1, Maternité - Main Hall, REGISTER - Maternité #2, 7, 2025-11-12 11:24:33), (2025-10-06 11:24:33, 1, Chirurgie - First Floor, CAISSE - Chirurgie #1, 8, 2025-11-12 11:24:33), (2025-10-17 11:24:33, 1, Chirurgie - First Floor, REGISTER - Chirurgie #2, 8, 2025-11-12 11:24:33), (2025-09-28 11:24:33, 1, Chirurgie - Main Hall, REGISTER - Chirurgie #3, 8, 2025-11-12 11:24:33), (2025-08-24 11:24:33, 1, Chirurgie - Main Hall, TILL - Chirurgie #4, 8, 2025-11-12 11:24:33), (2025-09-05 11:24:33, 1, Chirurgie - Reception, CAISSE - Chirurgie #5, 8, 2025-11-12 11:24:33), (2025-10-16 11:24:33, 1, Consultation externe - Ground Floor, CAISSE - Consultation externe #1, 9, 2025-11-12 11:24:33), (2025-08-31 11:24:33, 1, Consultation externe - First Floor, CAISSE - Consultation externe #2, 9, 2025-11-12 11:24:33), (2025-09-20 11:24:33, 1, Consultation externe - Reception, CAISSE - Consultation externe #3, 9, 2025-11-12 11:24:33), (2025-10-02 11:24:33, 1, Consultation externe - Ground Floor, TILL - Consultation externe #4, 9, 2025-11-12 11:24:33), (2025-10-25 11:24:33, 1, Cardiologie - Second Floor, REGISTER - Cardiologie #1, 10, 2025-11-12 11:24:33), (2025-10-13 11:24:33, 1, Cardiologie - Main Hall, CAISSE - Cardiologie #2, 10, 2025-11-12 11:24:33), (2025-09-03 11:24:33, 1, Cardiologie - Main Hall, REGISTER - Cardiologie #3, 10, 2025-11-12 11:24:33), (2025-11-02 11:24:33, 1, Radiologie - Second Floor, CAISSE - Radiologie #1, 11, 2025-11-12 11:24:33), (2025-10-22 11:24:33, 1, Radiologie - Emergency Wing, TILL - Radiologie #2, 11, 2025-11-12 11:24:33), (2025-09-02 11:24:33, 1, Radiologie - Reception, TILL - Radiologie #3, 11, 2025-11-12 11:24:33), (2025-10-13 11:24:33, 1, Radiologie - Ground Floor, TILL - Radiologie #4, 11, 2025-11-12 11:24:33), (2025-11-05 11:24:33, 1, Radiologie - Reception, REGISTER - Radiologie #5, 11, 2025-11-12 11:24:33), (2025-11-11 11:24:33, 1, Urgences - Reception, REGISTER - Urgences #1, 12, 2025-11-12 11:24:33), (2025-10-28 11:24:33, 1, Urgences - Main Hall, CAISSE - Urgences #2, 12, 2025-11-12 11:24:33), (2025-11-03 11:24:33, 1, Urgences - Main Hall, REGISTER - Urgences #3, 12, 2025-11-12 11:24:33), (2025-09-25 11:24:33, 1, Urgences - Main Hall, CAISSE - Urgences #4, 12, 2025-11-12 11:24:33), (2025-09-16 11:24:33, 1, Urgences - First Floor, CAISSE - Urgences #5, 12, 2025-11-12 11:24:33), (2025-10-24 11:24:33, 1, Cardiology - Emergency Wing, CAISSE - Cardiology #1, 13, 2025-11-12 11:24:33), (2025-08-24 11:24:33, 1, Cardiology - Ground Floor, REGISTER - Cardiology #2, 13, 2025-11-12 11:24:33), (2025-10-23 11:24:33, 1, Cardiology - Second Floor, TILL - Cardiology #3, 13, 2025-11-12 11:24:33), (2025-10-16 11:24:33, 1, Cardiology - Ground Floor, TILL - Cardiology #4, 13, 2025-11-12 11:24:33))
  Database\Seeders\ReserveSeeder ..................................... RUNNING  

🚀 Creating 25 pharmacy reserve records...
✅ Created 4 reserves
✅ Created 9 reserves
✅ Created 14 reserves
✅ Created 19 reserves
✅ Created 24 reserves
✅ Successfully created 25 reserve records!

  Database\Seeders\ReserveSeeder .................................. 94 ms DONE  

  Database\Seeders\ProductReserveDetailedSeeder ...................... RUNNING  

🚀 Creating comprehensive pharmacy product reserves with test cases...

📝 Test Case 1: Standard Active Reserves (40%)
  ✅ Created 25 reserves
  ✅ Created 50 reserves
  ✅ Created 75 reserves
  ✅ Created 100 reserves

📝 Test Case 2: Fulfilled Reserves (30%)
  ✅ Created 125 reserves
  ✅ Created 150 reserves
  ✅ Created 175 reserves

📝 Test Case 3: Cancelled Reserves with Reasons (15%)
  ✅ Created 200 reserves

📝 Test Case 4: Expired Reserves (15%)
  ✅ Created 225 reserves
  ✅ Created 250 reserves

============================================================
✅ Successfully created 251 pharmacy product reserve records!

📊 PRODUCT RESERVE STATISTICS:
------------------------------------------------------------
Total Pharmacy Reserves: 251
  ✓ Pending: 100 (39.8%)
  ✓ Fulfilled: 75 (29.9%)
  ✓ Cancelled: 38 (15.1%)
  ✓ Expired: 38 (15.1%)

🏆 TOP 10 MOST RESERVED PRODUCTS:
1. Sitagliptin 15mg/ml - 12 reservations
2. Acetylsalicylic acid 10mg - 11 reservations
3. Alprazolam 100mg - 10 reservations
4. Azithromycin 200mg - 9 reservations
5. Methylprednisolone 20% - 9 reservations
6. Carbamazepine 10% - 8 reservations
7. Alprazolam 1g - 8 reservations
8. Sertraline 2g - 7 reservations
9. Diazepam 2g - 7 reservations
10. Dexamethasone 250mg - 6 reservations

🏢 TOP 10 SERVICES BY RESERVE COUNT:
1. Consultation externe - 18 reserves
2. Pédiatrie - 15 reserves
3. Pharmaceutical Services - 14 reserves
4. Pharmacie - 14 reserves
5. Emergency Department - 14 reserves
6. Chirurgie - 14 reserves
7. General Surgery - 12 reserves
8. Urgences - 11 reserves
9. Pharmacy - 11 reserves
10. Cardiology - 11 reserves

============================================================
  Database\Seeders\ProductReserveDetailedSeeder ................ 1,048 ms DONE  

  Database\Seeders\AllergySeeder ..................................... RUNNING  
  Database\Seeders\AllergySeeder ................................. 468 ms DONE  

  Database\Seeders\AppointmentSeeder ................................. RUNNING  
Skipped Database\Seeders\AppointmentSeeder: Call to undefined method App\Models\Appointment::factory()
  Database\Seeders\WaitListSeeder .................................... RUNNING  
Skipped Database\Seeders\WaitListSeeder: Maximum retries of 10000 reached without finding a unique value
  Database\Seeders\BonCommendSeeder .................................. RUNNING  
Skipped Database\Seeders\BonCommendSeeder: Call to undefined method App\Models\ServiceDemendPurchcing::factory()
  Database\Seeders\PharmacyStockMovementSeeder ....................... RUNNING  
Creating pharmacy stock movements with all delivery scenarios...
Skipped Database\Seeders\PharmacyStockMovementSeeder: SQLSTATE[42S22]: Column not found: 1054 Unknown column 'pharmacy_stock_movement_id' in 'field list' (Connection: mysql, SQL: insert into `pharmacy_stock_movement_items` (`pharmacy_stock_movement_id`, `pharmacy_movement_id`, `product_id`, `pharmacy_product_id`, `requested_quantity`, `approved_quantity`, `executed_quantity`, `received_quantity`, `confirmation_status`, `confirmation_notes`, `confirmed_at`, `confirmed_by`, `quantity_by_box`, `updated_at`, `created_at`) values (1, 1, 1, 1, 54, 54, 54, 54, good, Product received in excellent condition, 2025-11-12 09:24:34, 5, 0, 2025-11-12 11:24:34, 2025-11-12 11:24:34))
  Database\Seeders\ServiceDemandPurchasingSeeder ..................... RUNNING  
Creating Service Demand Purchasing for 25 services with all scenarios...

→ Creating demands for service: Pédiatrie
Skipped Database\Seeders\ServiceDemandPurchasingSeeder: SQLSTATE[HY000]: General error: 1364 Field 'product_id' doesn't have a default value (Connection: mysql, SQL: insert into `service_demand_purchasing_items` (`service_demand_purchasing_id`, `pharmacy_product_id`, `quantity`, `unit_price`, `notes`, `updated_at`, `created_at`) values (1, 1, 38, 32, Item added for draft demand, 2025-11-12 11:24:34, 2025-11-12 11:24:34))
  Database\Seeders\FactureProformaFromServiceDemandSeeder ............ RUNNING  
  Database\Seeders\FactureProformaFromServiceDemandSeeder .......... 2 ms DONE  

  Database\Seeders\MedicationDoctorFavoratSeeder ..................... RUNNING  
  Database\Seeders\MedicationDoctorFavoratSeeder ................... 0 ms DONE  

  Database\Seeders\CaissePermissionSeeder ............................ RUNNING  
Created/found permission: caisse.approve
Created/found permission: caisse.view
Created/found permission: caisse.create
Created/found permission: caisse.edit
Created/found permission: caisse.delete
Created/found permission: users.manage
Created/found permission: roles.manage
Created/found permission: permissions.manage
Created/found permission: appointments.manage
Created/found permission: patients.manage
Created/found permission: reports.view
Created/found permission: settings.manage
Created/found permission: caisse.approve
Caisse permission seeder completed.
  Database\Seeders\CaissePermissionSeeder ......................... 58 ms DONE  

  Database\Seeders\RolesTableSeeder .................................. RUNNING  
  Database\Seeders\RolesTableSeeder ............................... 19 ms DONE  

  Database\Seeders\AdminUserSeeder ................................... RUNNING  
Admin user ensured: admin (password: admin)
  Database\Seeders\AdminUserSeeder ............................... 222 ms DONE  

